2025-03-29 19:49:17,174 - PPO_Fanuc - INFO - Starting PPO training for Fanuc robotic arm
2025-03-29 19:49:17,174 - PPO_Fanuc - INFO - Using device: cpu
2025-03-29 19:49:17,176 - PPO_Fanuc - INFO - Loading config from ppo_fanuc/quick_config.yaml
2025-03-29 19:49:17,178 - PPO_Fanuc - INFO - Training configuration:
2025-03-29 19:49:17,178 - PPO_Fanuc - INFO -   total_steps: 1000
2025-03-29 19:49:17,178 - PPO_Fanuc - INFO -   steps_per_epoch: 100
2025-03-29 19:49:17,179 - PPO_Fanuc - INFO -   batch_size: 16
2025-03-29 19:49:17,179 - PPO_Fanuc - INFO -   hidden_dim: 64
2025-03-29 19:49:17,179 - PPO_Fanuc - INFO -   lr: 3e-4
2025-03-29 19:49:17,179 - PPO_Fanuc - INFO -   gamma: 0.99
2025-03-29 19:49:17,179 - PPO_Fanuc - INFO -   gae_lambda: 0.95
2025-03-29 19:49:17,180 - PPO_Fanuc - INFO -   clip_ratio: 0.2
2025-03-29 19:49:17,180 - PPO_Fanuc - INFO -   value_coef: 0.5
2025-03-29 19:49:17,180 - PPO_Fanuc - INFO -   entropy_coef: 0.01
2025-03-29 19:49:17,180 - PPO_Fanuc - INFO -   max_grad_norm: 0.5
2025-03-29 19:49:17,180 - PPO_Fanuc - INFO -   update_epochs: 4
2025-03-29 19:49:17,180 - PPO_Fanuc - INFO -   save_interval: 2
2025-03-29 19:49:17,180 - PPO_Fanuc - INFO -   eval_interval: 1
2025-03-29 19:49:17,180 - PPO_Fanuc - INFO -   render: False
2025-03-29 19:49:17,181 - PPO_Fanuc - INFO -   seed: 42
2025-03-29 19:49:17,181 - PPO_Fanuc - INFO -   load_model: 
2025-03-29 19:49:17,181 - PPO_Fanuc - INFO -   config: ppo_fanuc/quick_config.yaml
2025-03-29 19:49:17,181 - PPO_Fanuc - INFO -   target_radius: 0.05
2025-03-29 19:49:17,181 - PPO_Fanuc - INFO -   max_steps: 50
2025-03-29 19:49:17,183 - PPO_Fanuc - INFO - Random seed set to 42
2025-03-29 19:49:17,183 - PPO_Fanuc - INFO - Starting training...
2025-03-29 19:49:17,710 - PPO_Fanuc - ERROR - Training failed with error: '<=' not supported between instances of 'float' and 'str'
Traceback (most recent call last):
  File "C:\Users\14gma\Documents\University\Year 3\Final Year Project\FANUC-ML\ppo_fanuc\run_training.py", line 78, in main
    agent = train(cli_args)
            ^^^^^^^^^^^^^^^
  File "C:\Users\14gma\Documents\University\Year 3\Final Year Project\FANUC-ML\ppo_fanuc\train.py", line 185, in train
    agent = PPOAgent(
            ^^^^^^^^^
  File "C:\Users\14gma\Documents\University\Year 3\Final Year Project\FANUC-ML\ppo_fanuc\ppo_agent.py", line 151, in __init__
    self.optimizer = optim.Adam(self.actor_critic.parameters(), lr=lr)
                     ^^^^^^^^^^^^^^^^^^^^^^^^^^^^^^^^^^^^^^^^^^^^^^^^^
  File "C:\Users\14gma\AppData\Local\Packages\PythonSoftwareFoundation.Python.3.11_qbz5n2kfra8p0\LocalCache\local-packages\Python311\site-packages\torch\optim\adam.py", line 46, in __init__
    if not 0.0 <= lr:
           ^^^^^^^^^
TypeError: '<=' not supported between instances of 'float' and 'str'
