2025-03-29 19:32:35,556 - PPO_Fanuc - INFO - Starting PPO training for Fanuc robotic arm
2025-03-29 19:32:35,556 - PPO_Fanuc - INFO - Using device: cpu
2025-03-29 19:32:35,558 - PPO_Fanuc - INFO - Loading config from ppo_fanuc/config.yaml
2025-03-29 19:32:35,560 - PPO_Fanuc - INFO - Training configuration:
2025-03-29 19:32:35,560 - PPO_Fanuc - INFO -   total_steps: 1000000
2025-03-29 19:32:35,560 - PPO_Fanuc - INFO -   steps_per_epoch: 2048
2025-03-29 19:32:35,561 - PPO_Fanuc - INFO -   batch_size: 64
2025-03-29 19:32:35,561 - PPO_Fanuc - INFO -   hidden_dim: 256
2025-03-29 19:32:35,561 - PPO_Fanuc - INFO -   lr: 0.0003
2025-03-29 19:32:35,561 - PPO_Fanuc - INFO -   gamma: 0.99
2025-03-29 19:32:35,562 - PPO_Fanuc - INFO -   gae_lambda: 0.95
2025-03-29 19:32:35,562 - PPO_Fanuc - INFO -   clip_ratio: 0.2
2025-03-29 19:32:35,562 - PPO_Fanuc - INFO -   value_coef: 0.5
2025-03-29 19:32:35,562 - PPO_Fanuc - INFO -   entropy_coef: 0.01
2025-03-29 19:32:35,562 - PPO_Fanuc - INFO -   max_grad_norm: 0.5
2025-03-29 19:32:35,562 - PPO_Fanuc - INFO -   update_epochs: 10
2025-03-29 19:32:35,562 - PPO_Fanuc - INFO -   save_interval: 10
2025-03-29 19:32:35,563 - PPO_Fanuc - INFO -   eval_interval: 5
2025-03-29 19:32:35,563 - PPO_Fanuc - INFO -   render: False
2025-03-29 19:32:35,563 - PPO_Fanuc - INFO -   seed: 42
2025-03-29 19:32:35,563 - PPO_Fanuc - INFO -   load_model: 
2025-03-29 19:32:35,563 - PPO_Fanuc - INFO -   config: ppo_fanuc/config.yaml
2025-03-29 19:32:35,563 - PPO_Fanuc - INFO -   target_radius: 0.02
2025-03-29 19:32:35,563 - PPO_Fanuc - INFO -   max_steps: 100
2025-03-29 19:32:35,565 - PPO_Fanuc - INFO - Random seed set to 42
2025-03-29 19:32:35,565 - PPO_Fanuc - INFO - Starting training...
2025-03-29 19:32:42,431 - PPO_Fanuc - ERROR - Training failed with error: mat1 and mat2 shapes cannot be multiplied (1x11 and 18x256)
Traceback (most recent call last):
  File "C:\Users\14gma\Documents\University\Year 3\Final Year Project\FANUC-ML\ppo_fanuc\run_training.py", line 78, in main
    agent = train(cli_args)
            ^^^^^^^^^^^^^^^
  File "C:\Users\14gma\Documents\University\Year 3\Final Year Project\FANUC-ML\ppo_fanuc\train.py", line 165, in train
    action, log_prob, value = agent.select_action(obs)
                              ^^^^^^^^^^^^^^^^^^^^^^^^
  File "C:\Users\14gma\Documents\University\Year 3\Final Year Project\FANUC-ML\ppo_fanuc\ppo_agent.py", line 175, in select_action
    return self.actor_critic.get_action(state, deterministic)
           ^^^^^^^^^^^^^^^^^^^^^^^^^^^^^^^^^^^^^^^^^^^^^^^^^^
  File "C:\Users\14gma\Documents\University\Year 3\Final Year Project\FANUC-ML\ppo_fanuc\model.py", line 89, in get_action
    action_mean, action_std, value = self.forward(state)
                                     ^^^^^^^^^^^^^^^^^^^
  File "C:\Users\14gma\Documents\University\Year 3\Final Year Project\FANUC-ML\ppo_fanuc\model.py", line 64, in forward
    features = self.feature_extractor(state)
               ^^^^^^^^^^^^^^^^^^^^^^^^^^^^^
  File "C:\Users\14gma\AppData\Local\Packages\PythonSoftwareFoundation.Python.3.11_qbz5n2kfra8p0\LocalCache\local-packages\Python311\site-packages\torch\nn\modules\module.py", line 1553, in _wrapped_call_impl
    return self._call_impl(*args, **kwargs)
           ^^^^^^^^^^^^^^^^^^^^^^^^^^^^^^^^
  File "C:\Users\14gma\AppData\Local\Packages\PythonSoftwareFoundation.Python.3.11_qbz5n2kfra8p0\LocalCache\local-packages\Python311\site-packages\torch\nn\modules\module.py", line 1562, in _call_impl
    return forward_call(*args, **kwargs)
           ^^^^^^^^^^^^^^^^^^^^^^^^^^^^^
  File "C:\Users\14gma\AppData\Local\Packages\PythonSoftwareFoundation.Python.3.11_qbz5n2kfra8p0\LocalCache\local-packages\Python311\site-packages\torch\nn\modules\container.py", line 219, in forward
    input = module(input)
            ^^^^^^^^^^^^^
  File "C:\Users\14gma\AppData\Local\Packages\PythonSoftwareFoundation.Python.3.11_qbz5n2kfra8p0\LocalCache\local-packages\Python311\site-packages\torch\nn\modules\module.py", line 1553, in _wrapped_call_impl
    return self._call_impl(*args, **kwargs)
           ^^^^^^^^^^^^^^^^^^^^^^^^^^^^^^^^
  File "C:\Users\14gma\AppData\Local\Packages\PythonSoftwareFoundation.Python.3.11_qbz5n2kfra8p0\LocalCache\local-packages\Python311\site-packages\torch\nn\modules\module.py", line 1562, in _call_impl
    return forward_call(*args, **kwargs)
           ^^^^^^^^^^^^^^^^^^^^^^^^^^^^^
  File "C:\Users\14gma\AppData\Local\Packages\PythonSoftwareFoundation.Python.3.11_qbz5n2kfra8p0\LocalCache\local-packages\Python311\site-packages\torch\nn\modules\linear.py", line 117, in forward
    return F.linear(input, self.weight, self.bias)
           ^^^^^^^^^^^^^^^^^^^^^^^^^^^^^^^^^^^^^^^
RuntimeError: mat1 and mat2 shapes cannot be multiplied (1x11 and 18x256)
